This is pdfTeX, Version 3.14159265-2.6-1.40.20 (TeX Live 2019/W32TeX) (preloaded format=pdflatex 2020.2.13)  17 DEC 2021 11:49
entering extended mode
 restricted \write18 enabled.
 file:line:error style messages enabled.
 %&-line parsing enabled.
**c:/Users/siyan/Documents/QtProjects/FinalProject/tower-defense-7/doc/latex/refman.tex
(c:/Users/siyan/Documents/QtProjects/FinalProject/tower-defense-7/doc/latex/refman.tex
LaTeX2e <2020-02-02> patch level 1
L3 programming layer <2020-02-11> (c:/texlive/2019/texmf-dist/tex/latex/base/book.cls
Document Class: book 2019/12/20 v1.4l Standard LaTeX document class
(c:/texlive/2019/texmf-dist/tex/latex/base/bk10.clo
File: bk10.clo 2019/12/20 v1.4l Standard LaTeX file (size option)
)
\c@part=\count167
\c@chapter=\count168
\c@section=\count169
\c@subsection=\count170
\c@subsubsection=\count171
\c@paragraph=\count172
\c@subparagraph=\count173
\c@figure=\count174
\c@table=\count175
\abovecaptionskip=\skip47
\belowcaptionskip=\skip48
\bibindent=\dimen134
) (c:/texlive/2019/texmf-dist/tex/latex/base/ifthen.sty
Package: ifthen 2014/09/29 v1.1c Standard LaTeX ifthen package (DPC)
) (c:/texlive/2019/texmf-dist/tex/latex/tools/array.sty
Rollback for package 'array' requested -> date 2016-10-06.
         Best approximation is the release introduced on 2016-10-06.
 (c:/texlive/2019/texmf-dist/tex/latex/tools/array-2016-10-06.sty
Package: array 2016/10/06 v2.4d Tabular extension package (FMi)
\col@sep=\dimen135
\extrarowheight=\dimen136
\NC@list=\toks14
\extratabsurround=\skip49
\backup@length=\skip50
)) (c:/texlive/2019/texmf-dist/tex/latex/base/fixltx2e.sty
Package: fixltx2e 2016/12/29 v2.1a fixes to LaTeX (obsolete)
Applying: [2015/01/01] Old fixltx2e package on input line 46.


Package fixltx2e Warning: fixltx2e is not required with releases after 2015
(fixltx2e)                All fixes are now in the LaTeX kernel.
(fixltx2e)                See the latexrelease package for details.

Already applied: [0000/00/00] Old fixltx2e package on input line 53.
) (c:/Users/siyan/Documents/QtProjects/FinalProject/tower-defense-7/doc/latex/doxygen.sty
Package: doxygen 
 (c:/texlive/2019/texmf-dist/tex/latex/base/alltt.sty
Package: alltt 1997/06/16 v2.0g defines alltt environment
) (c:/texlive/2019/texmf-dist/tex/latex/tools/calc.sty
Package: calc 2017/05/25 v4.3 Infix arithmetic (KKT,FJ)
\calc@Acount=\count176
\calc@Bcount=\count177
\calc@Adimen=\dimen137
\calc@Bdimen=\dimen138
\calc@Askip=\skip51
\calc@Bskip=\skip52
LaTeX Info: Redefining \setlength on input line 80.
LaTeX Info: Redefining \addtolength on input line 81.
\calc@Ccount=\count178
\calc@Cskip=\skip53
) (c:/texlive/2019/texmf-dist/tex/latex/float/float.sty
Package: float 2001/11/08 v1.3d Float enhancements (AL)
\c@float@type=\count179
\float@exts=\toks15
\float@box=\box45
\@float@everytoks=\toks16
\@floatcapt=\box46
) (c:/texlive/2019/texmf-dist/tex/latex/tools/verbatim.sty
Package: verbatim 2019/11/10 v1.5r LaTeX2e package for verbatim enhancements
\every@verbatim=\toks17
\verbatim@line=\toks18
\verbatim@in@stream=\read2
) (c:/texlive/2019/texmf-dist/tex/latex/xcolor/xcolor.sty
Package: xcolor 2016/05/11 v2.12 LaTeX color extensions (UK)
 (c:/texlive/2019/texmf-dist/tex/latex/graphics-cfg/color.cfg
File: color.cfg 2016/01/02 v1.6 sample color configuration
)
Package xcolor Info: Driver file: pdftex.def on input line 225.
 (c:/texlive/2019/texmf-dist/tex/latex/graphics-def/pdftex.def
File: pdftex.def 2018/01/08 v1.0l Graphics/color driver for pdftex
) (c:/texlive/2019/texmf-dist/tex/latex/colortbl/colortbl.sty
Package: colortbl 2020/01/04 v1.0e Color table columns (DPC)
\everycr=\toks19
\minrowclearance=\skip54
)
\rownum=\count180
Package xcolor Info: Model `cmy' substituted by `cmy0' on input line 1348.
Package xcolor Info: Model `hsb' substituted by `rgb' on input line 1352.
Package xcolor Info: Model `RGB' extended on input line 1364.
Package xcolor Info: Model `HTML' substituted by `rgb' on input line 1366.
Package xcolor Info: Model `Hsb' substituted by `hsb' on input line 1367.
Package xcolor Info: Model `tHsb' substituted by `hsb' on input line 1368.
Package xcolor Info: Model `HSB' substituted by `hsb' on input line 1369.
Package xcolor Info: Model `Gray' substituted by `gray' on input line 1370.
Package xcolor Info: Model `wave' substituted by `hsb' on input line 1371.
) (c:/Users/siyan/Documents/QtProjects/FinalProject/tower-defense-7/doc/latex/longtable_doxygen.sty
Package: longtable_doxygen 2014/10/28 v4.11 Multi-page Table package (DPC) - frozen version for doxygen
\LTleft=\skip55
\LTright=\skip56
\LTpre=\skip57
\LTpost=\skip58
\LTchunksize=\count181
\LTcapwidth=\dimen139
\LT@head=\box47
\LT@firsthead=\box48
\LT@foot=\box49
\LT@lastfoot=\box50
\LT@cols=\count182
\LT@rows=\count183
\c@LT@tables=\count184
\c@LT@chunks=\count185
\LT@p@ftn=\toks20
) (c:/Users/siyan/Documents/QtProjects/FinalProject/tower-defense-7/doc/latex/tabu_doxygen.sty
Package: tabu_doxygen 2011/02/26 v2.8 - flexible LaTeX tabulars (FC), frozen version for doxygen
 (c:/texlive/2019/texmf-dist/tex/latex/varwidth/varwidth.sty
Package: varwidth 2009/03/30 ver 0.92;  Variable-width minipages
\@vwid@box=\box51
\sift@deathcycles=\count186
\@vwid@loff=\dimen140
\@vwid@roff=\dimen141
)
\c@taburow=\count187
\tabu@nbcols=\count188
\tabu@cnt=\count189
\tabu@Xcol=\count190
\tabu@alloc=\count191
\tabu@nested=\count192
\tabu@target=\dimen142
\tabu@spreadtarget=\dimen143
\tabu@naturalX=\dimen144
\tabucolX=\dimen145
\tabu@Xsum=\dimen146
\extrarowdepth=\dimen147
\abovetabulinesep=\dimen148
\belowtabulinesep=\dimen149
\tabustrutrule=\dimen150
\tabu@thebody=\toks21
\tabu@footnotes=\toks22
\tabu@box=\box52
\tabu@arstrutbox=\box53
\tabu@hleads=\box54
\tabu@vleads=\box55
\tabu@cellskip=\skip59
) (c:/texlive/2019/texmf-dist/tex/latex/fancyvrb/fancyvrb.sty
Package: fancyvrb 2020/01/13 v3.5 verbatim text (tvz,hv)
 (c:/texlive/2019/texmf-dist/tex/latex/graphics/keyval.sty
Package: keyval 2014/10/28 v1.15 key=value parser (DPC)
\KV@toks@=\toks23
)
\FV@CodeLineNo=\count193
\FV@InFile=\read3
\FV@TabBox=\box56
\c@FancyVerbLine=\count194
\FV@StepNumber=\count195
\FV@OutFile=\write3
) (c:/texlive/2019/texmf-dist/tex/latex/tools/tabularx.sty
Package: tabularx 2020/01/15 v2.11c `tabularx' package (DPC)
\TX@col@width=\dimen151
\TX@old@table=\dimen152
\TX@old@col=\dimen153
\TX@target=\dimen154
\TX@delta=\dimen155
\TX@cols=\count196
\TX@ftn=\toks24
) (c:/texlive/2019/texmf-dist/tex/latex/tools/multicol.sty
Package: multicol 2019/12/09 v1.8y multicolumn formatting (FMi)
\c@tracingmulticols=\count197
\mult@box=\box57
\multicol@leftmargin=\dimen156
\c@unbalance=\count198
\c@collectmore=\count199
\doublecol@number=\count266
\multicoltolerance=\count267
\multicolpretolerance=\count268
\full@width=\dimen157
\page@free=\dimen158
\premulticols=\dimen159
\postmulticols=\dimen160
\multicolsep=\skip60
\multicolbaselineskip=\skip61
\partial@page=\box58
\last@line=\box59
\maxbalancingoverflow=\dimen161
\mult@rightbox=\box60
\mult@grightbox=\box61
\mult@gfirstbox=\box62
\mult@firstbox=\box63
\@tempa=\box64
\@tempa=\box65
\@tempa=\box66
\@tempa=\box67
\@tempa=\box68
\@tempa=\box69
\@tempa=\box70
\@tempa=\box71
\@tempa=\box72
\@tempa=\box73
\@tempa=\box74
\@tempa=\box75
\@tempa=\box76
\@tempa=\box77
\@tempa=\box78
\@tempa=\box79
\@tempa=\box80
\@tempa=\box81
\@tempa=\box82
\@tempa=\box83
\@tempa=\box84
\@tempa=\box85
\@tempa=\box86
\@tempa=\box87
\@tempa=\box88
\@tempa=\box89
\@tempa=\box90
\@tempa=\box91
\@tempa=\box92
\@tempa=\box93
\@tempa=\box94
\@tempa=\box95
\@tempa=\box96
\@tempa=\box97
\@tempa=\box98
\@tempa=\box99
\@tempa=\box100
\c@minrows=\count269
\c@columnbadness=\count270
\c@finalcolumnbadness=\count271
\last@try=\dimen162
\multicolovershoot=\dimen163
\multicolundershoot=\dimen164
\mult@nat@firstbox=\box101
\colbreak@box=\box102
\mc@col@check@num=\count272
) (c:/texlive/2019/texmf-dist/tex/latex/multirow/multirow.sty
Package: multirow 2019/05/31 v2.5 Span multiple rows of a table
\multirow@colwidth=\skip62
\multirow@cntb=\count273
\multirow@dima=\skip63
\bigstrutjot=\dimen165
) (c:/texlive/2019/texmf-dist/tex/latex/hanging/hanging.sty
Package: hanging 2009/09/02 v1.2b hanging paragraphs and punctuation
\h@ngcommawd=\skip64
\h@ngfstopwd=\skip65
\h@ngquotewd=\skip66
\h@ngdquotewd=\skip67
\h@ngquerywd=\skip68
\h@ngexclwd=\skip69
\h@ngcolonwd=\skip70
\h@ngscolonwd=\skip71
) (c:/texlive/2019/texmf-dist/tex/generic/iftex/ifpdf.sty
Package: ifpdf 2019/10/25 v3.4 ifpdf legacy package. Use iftex instead.
 (c:/texlive/2019/texmf-dist/tex/generic/iftex/iftex.sty
Package: iftex 2019/11/07 v1.0c TeX engine tests
)) (c:/texlive/2019/texmf-dist/tex/latex/adjustbox/adjustbox.sty
Package: adjustbox 2019/01/04 v1.2 Adjusting TeX boxes (trim, clip, ...)
 (c:/texlive/2019/texmf-dist/tex/latex/xkeyval/xkeyval.sty
Package: xkeyval 2014/12/03 v2.7a package option processing (HA)
 (c:/texlive/2019/texmf-dist/tex/generic/xkeyval/xkeyval.tex (c:/texlive/2019/texmf-dist/tex/generic/xkeyval/xkvutils.tex
\XKV@toks=\toks25
\XKV@tempa@toks=\toks26
)
\XKV@depth=\count274
File: xkeyval.tex 2014/12/03 v2.7a key=value parser (HA)
)) (c:/texlive/2019/texmf-dist/tex/latex/adjustbox/adjcalc.sty
Package: adjcalc 2012/05/16 v1.1 Provides advanced setlength with multiple back-ends (calc, etex, pgfmath)
) (c:/texlive/2019/texmf-dist/tex/latex/adjustbox/trimclip.sty
Package: trimclip 2018/04/08 v1.1 Trim and clip general TeX material
 (c:/texlive/2019/texmf-dist/tex/latex/graphics/graphicx.sty
Package: graphicx 2019/11/30 v1.2a Enhanced LaTeX Graphics (DPC,SPQR)
 (c:/texlive/2019/texmf-dist/tex/latex/graphics/graphics.sty
Package: graphics 2019/11/30 v1.4a Standard LaTeX Graphics (DPC,SPQR)
 (c:/texlive/2019/texmf-dist/tex/latex/graphics/trig.sty
Package: trig 2016/01/03 v1.10 sin cos tan (DPC)
) (c:/texlive/2019/texmf-dist/tex/latex/graphics-cfg/graphics.cfg
File: graphics.cfg 2016/06/04 v1.11 sample graphics configuration
)
Package graphics Info: Driver file: pdftex.def on input line 105.
)
\Gin@req@height=\dimen166
\Gin@req@width=\dimen167
) (c:/texlive/2019/texmf-dist/tex/latex/collectbox/collectbox.sty
Package: collectbox 2012/05/17 v0.4b Collect macro arguments as boxes
\collectedbox=\box103
)
\tc@llx=\dimen168
\tc@lly=\dimen169
\tc@urx=\dimen170
\tc@ury=\dimen171
Package trimclip Info: Using driver 'tc-pdftex.def'.
 (c:/texlive/2019/texmf-dist/tex/latex/adjustbox/tc-pdftex.def
File: tc-pdftex.def 2019/01/04 v2.2 Clipping driver for pdftex
))
\adjbox@Width=\dimen172
\adjbox@Height=\dimen173
\adjbox@Depth=\dimen174
\adjbox@Totalheight=\dimen175
\adjbox@pwidth=\dimen176
\adjbox@pheight=\dimen177
\adjbox@pdepth=\dimen178
\adjbox@ptotalheight=\dimen179
 (c:/texlive/2019/texmf-dist/tex/latex/ifoddpage/ifoddpage.sty
Package: ifoddpage 2016/04/23 v1.1 Conditionals for odd/even page detection
\c@checkoddpage=\count275
)) (c:/texlive/2019/texmf-dist/tex/latex/amsfonts/amssymb.sty
Package: amssymb 2013/01/14 v3.01 AMS font symbols
 (c:/texlive/2019/texmf-dist/tex/latex/amsfonts/amsfonts.sty
Package: amsfonts 2013/01/14 v3.01 Basic AMSFonts support
\@emptytoks=\toks27
\symAMSa=\mathgroup4
\symAMSb=\mathgroup5
LaTeX Font Info:    Redeclaring math symbol \hbar on input line 98.
LaTeX Font Info:    Overwriting math alphabet `\mathfrak' in version `bold'
(Font)                  U/euf/m/n --> U/euf/b/n on input line 106.
)) (c:/texlive/2019/texmf-dist/tex/latex/stackengine/stackengine.sty
Package: stackengine 2017/02/13 v4.01\ Stacking text and objects in convenient ways
 (c:/texlive/2019/texmf-dist/tex/latex/etoolbox/etoolbox.sty
Package: etoolbox 2019/09/21 v2.5h e-TeX tools for LaTeX (JAW)
\etb@tempcnta=\count276
) (c:/texlive/2019/texmf-dist/tex/generic/listofitems/listofitems.sty (c:/texlive/2019/texmf-dist/tex/generic/listofitems/listofitems.tex
\loi_cnt_foreach_nest=\count277
\loi_nestcnt=\count278
)
Package: listofitems 2019/08/21 v1.63 Grab items in lists using user-specified sep char (CT)
)
\c@@stackindex=\count279
\@boxshift=\skip72
\stack@tmplength=\skip73
\temp@stkl=\skip74
\@stackedboxwidth=\skip75
\@addedbox=\box104
\@anchorbox=\box105
\stackedbox=\box106
\@centerbox=\box107
\c@ROWcellindex@=\count280
) (c:/texlive/2019/texmf-dist/tex/latex/enumitem/enumitem.sty
Package: enumitem 2019/06/20 v3.9 Customized lists
\labelindent=\skip76
\enit@outerparindent=\dimen180
\enit@toks=\toks28
\enit@inbox=\box108
\enit@count@id=\count281
\enitdp@description=\count282
) (c:/texlive/2019/texmf-dist/tex/generic/alphalph/alphalph.sty
Package: alphalph 2019/12/09 v2.6 Convert numbers to letters (HO)
 (c:/texlive/2019/texmf-dist/tex/generic/infwarerr/infwarerr.sty
Package: infwarerr 2019/12/03 v1.5 Providing info/warning/error messages (HO)
) (c:/texlive/2019/texmf-dist/tex/generic/intcalc/intcalc.sty
Package: intcalc 2019/12/15 v1.3 Expandable calculations with integers (HO)
)) (c:/texlive/2019/texmf-dist/tex/generic/ulem/ulem.sty
\UL@box=\box109
\UL@hyphenbox=\box110
\UL@skip=\skip77
\UL@hook=\toks29
\UL@height=\dimen181
\UL@pe=\count283
\UL@pixel=\dimen182
\ULC@box=\box111
Package: ulem 2019/11/18
\ULdepth=\dimen183
)
\xrefbox=\box112
\xreflength=\skip78
\CodeWidthChar=\skip79
\CodeHeightChar=\skip80
\DoxyCodeWidth=\skip81
) (c:/texlive/2019/texmf-dist/tex/latex/base/inputenc.sty
Package: inputenc 2018/08/11 v1.3c Input encoding file
\inpenc@prehook=\toks30
\inpenc@posthook=\toks31
) (c:/texlive/2019/texmf-dist/tex/latex/base/makeidx.sty
Package: makeidx 2014/09/29 v1.0m Standard LaTeX package
) (c:/texlive/2019/texmf-dist/tex/latex/base/textcomp.sty
Package: textcomp 2020/02/02 v2.0n Standard LaTeX package
) (c:/texlive/2019/texmf-dist/tex/latex/wasysym/wasysym.sty
Package: wasysym 2020/01/19 v2.4 Wasy-2 symbol support package
\symwasy=\mathgroup6
LaTeX Font Info:    Overwriting symbol font `wasy' in version `bold'
(Font)                  U/wasy/m/n --> U/wasy/b/n on input line 93.
) (c:/texlive/2019/texmf-dist/tex/generic/iftex/ifxetex.sty
Package: ifxetex 2019/10/25 v0.7 ifxetex legacy package. Use iftex instead.
) (c:/texlive/2019/texmf-dist/tex/latex/base/fontenc.sty
Package: fontenc 2020/01/25 v2.0m Standard LaTeX package
) (c:/texlive/2019/texmf-dist/tex/latex/psnfss/helvet.sty
Package: helvet 2005/04/12 PSNFSS-v9.2a (WaS) 
) (c:/texlive/2019/texmf-dist/tex/latex/psnfss/courier.sty
Package: courier 2005/04/12 PSNFSS-v9.2a (WaS) 
) (c:/texlive/2019/texmf-dist/tex/latex/sectsty/sectsty.sty
Package: sectsty 2002/02/25 v2.0.2 Commands to change all sectional heading styles


LaTeX Warning: Command \underbar  has changed.
               Check if current package is valid.


LaTeX Warning: Command \underline  has changed.
               Check if current package is valid.

) (c:/texlive/2019/texmf-dist/tex/latex/geometry/geometry.sty
Package: geometry 2020/01/02 v5.9 Page Geometry
 (c:/texlive/2019/texmf-dist/tex/generic/iftex/ifvtex.sty
Package: ifvtex 2019/10/25 v1.7 ifvtex legacy package. Use iftex instead.
)
\Gm@cnth=\count284
\Gm@cntv=\count285
\c@Gm@tempcnt=\count286
\Gm@bindingoffset=\dimen184
\Gm@wd@mp=\dimen185
\Gm@odd@mp=\dimen186
\Gm@even@mp=\dimen187
\Gm@layoutwidth=\dimen188
\Gm@layoutheight=\dimen189
\Gm@layouthoffset=\dimen190
\Gm@layoutvoffset=\dimen191
\Gm@dimlist=\toks32
) (c:/texlive/2019/texmf-dist/tex/latex/fancyhdr/fancyhdr.sty
Package: fancyhdr 2019/01/31 v3.10 Extensive control of page headers and footers
\f@nch@headwidth=\skip82
\f@nch@O@elh=\skip83
\f@nch@O@erh=\skip84
\f@nch@O@olh=\skip85
\f@nch@O@orh=\skip86
\f@nch@O@elf=\skip87
\f@nch@O@erf=\skip88
\f@nch@O@olf=\skip89
\f@nch@O@orf=\skip90
) (c:/texlive/2019/texmf-dist/tex/latex/natbib/natbib.sty
Package: natbib 2010/09/13 8.31b (PWD, AO)
\bibhang=\skip91
\bibsep=\skip92
LaTeX Info: Redefining \cite on input line 694.
\c@NAT@ctr=\count287
) (c:/texlive/2019/texmf-dist/tex/latex/tocloft/tocloft.sty
Package: tocloft 2017/08/31 v2.3i parameterised ToC, etc., typesetting
Package tocloft Info: The document has chapter divisions on input line 51.
\cftparskip=\skip93
\cftbeforetoctitleskip=\skip94
\cftaftertoctitleskip=\skip95
\cftbeforepartskip=\skip96
\cftpartnumwidth=\skip97
\cftpartindent=\skip98
\cftbeforechapskip=\skip99
\cftchapindent=\skip100
\cftchapnumwidth=\skip101
\cftbeforesecskip=\skip102
\cftsecindent=\skip103
\cftsecnumwidth=\skip104
\cftbeforesubsecskip=\skip105
\cftsubsecindent=\skip106
\cftsubsecnumwidth=\skip107
\cftbeforesubsubsecskip=\skip108
\cftsubsubsecindent=\skip109
\cftsubsubsecnumwidth=\skip110
\cftbeforeparaskip=\skip111
\cftparaindent=\skip112
\cftparanumwidth=\skip113
\cftbeforesubparaskip=\skip114
\cftsubparaindent=\skip115
\cftsubparanumwidth=\skip116
\cftbeforeloftitleskip=\skip117
\cftafterloftitleskip=\skip118
\cftbeforefigskip=\skip119
\cftfigindent=\skip120
\cftfignumwidth=\skip121
\c@lofdepth=\count288
\c@lotdepth=\count289
\cftbeforelottitleskip=\skip122
\cftafterlottitleskip=\skip123
\cftbeforetabskip=\skip124
\cfttabindent=\skip125
\cfttabnumwidth=\skip126
)
\@indexfile=\write4
\openout4 = `refman.idx'.


Writing index file refman.idx
(c:/texlive/2019/texmf-dist/tex/latex/newunicodechar/newunicodechar.sty
Package: newunicodechar 2018/04/08 v1.2 Defining Unicode characters
)

Package newunicodechar Warning: Redefining Unicode character on input line 116.


Package newunicodechar Warning: Redefining Unicode character on input line 117.

(c:/texlive/2019/texmf-dist/tex/latex/hyperref/hyperref.sty
Package: hyperref 2020/01/14 v7.00d Hypertext links for LaTeX
 (c:/texlive/2019/texmf-dist/tex/generic/ltxcmds/ltxcmds.sty
Package: ltxcmds 2019/12/15 v1.24 LaTeX kernel commands for general use (HO)
) (c:/texlive/2019/texmf-dist/tex/latex/pdftexcmds/pdftexcmds.sty
Package: pdftexcmds 2019/11/24 v0.31 Utility functions of pdfTeX for LuaTeX (HO)
Package pdftexcmds Info: \pdf@primitive is available.
Package pdftexcmds Info: \pdf@ifprimitive is available.
Package pdftexcmds Info: \pdfdraftmode found.
) (c:/texlive/2019/texmf-dist/tex/generic/kvsetkeys/kvsetkeys.sty
Package: kvsetkeys 2019/12/15 v1.18 Key value parser (HO)
) (c:/texlive/2019/texmf-dist/tex/generic/kvdefinekeys/kvdefinekeys.sty
Package: kvdefinekeys 2019-12-19 v1.6 Define keys (HO)
) (c:/texlive/2019/texmf-dist/tex/generic/pdfescape/pdfescape.sty
Package: pdfescape 2019/12/09 v1.15 Implements pdfTeX's escape features (HO)
) (c:/texlive/2019/texmf-dist/tex/latex/hycolor/hycolor.sty
Package: hycolor 2020-01-27 v1.10 Color options for hyperref/bookmark (HO)
) (c:/texlive/2019/texmf-dist/tex/latex/letltxmacro/letltxmacro.sty
Package: letltxmacro 2019/12/03 v1.6 Let assignment for LaTeX macros (HO)
) (c:/texlive/2019/texmf-dist/tex/latex/auxhook/auxhook.sty
Package: auxhook 2019-12-17 v1.6 Hooks for auxiliary files (HO)
) (c:/texlive/2019/texmf-dist/tex/latex/kvoptions/kvoptions.sty
Package: kvoptions 2019/11/29 v3.13 Key value format for package options (HO)
)
\@linkdim=\dimen192
\Hy@linkcounter=\count290
\Hy@pagecounter=\count291
 (c:/texlive/2019/texmf-dist/tex/latex/hyperref/pd1enc.def
File: pd1enc.def 2020/01/14 v7.00d Hyperref: PDFDocEncoding definition (HO)
Now handling font encoding PD1 ...
... no UTF-8 mapping file for font encoding PD1
) (c:/texlive/2019/texmf-dist/tex/generic/etexcmds/etexcmds.sty
Package: etexcmds 2019/12/15 v1.7 Avoid name clashes with e-TeX commands (HO)
)
\Hy@SavedSpaceFactor=\count292
\pdfmajorversion=\count293
Package hyperref Info: Hyper figures OFF on input line 4547.
Package hyperref Info: Link nesting OFF on input line 4552.
Package hyperref Info: Hyper index ON on input line 4555.
Package hyperref Info: Plain pages OFF on input line 4562.
Package hyperref Info: Backreferencing ON on input line 4565.
Package hyperref Info: Implicit mode ON; LaTeX internals redefined.
Package hyperref Info: Bookmarks ON on input line 4800.
 (c:/texlive/2019/texmf-dist/tex/latex/hyperref/backref.sty
Package: backref 2020/01/14 v1.40 Bibliographical back referencing
 (c:/texlive/2019/texmf-dist/tex/latex/rerunfilecheck/rerunfilecheck.sty
Package: rerunfilecheck 2019/12/05 v1.9 Rerun checks for auxiliary files (HO)
 (c:/texlive/2019/texmf-dist/tex/latex/atveryend/atveryend.sty
Package: atveryend 2019-12-11 v1.11 Hooks at the very end of document (HO)
) (c:/texlive/2019/texmf-dist/tex/generic/uniquecounter/uniquecounter.sty
Package: uniquecounter 2019/12/15 v1.4 Provide unlimited unique counter (HO)
 (c:/texlive/2019/texmf-dist/tex/generic/bigintcalc/bigintcalc.sty
Package: bigintcalc 2019/12/15 v1.5 Expandable calculations on big integers (HO)
))
Package uniquecounter Info: New unique counter `rerunfilecheck' on input line 286.
))
\c@Hy@tempcnt=\count294
 (c:/texlive/2019/texmf-dist/tex/latex/url/url.sty
\Urlmuskip=\muskip16
Package: url 2013/09/16  ver 3.4  Verb mode for urls, etc.
)
LaTeX Info: Redefining \url on input line 5159.
\XeTeXLinkMargin=\dimen193
 (c:/texlive/2019/texmf-dist/tex/generic/bitset/bitset.sty
Package: bitset 2019/12/09 v1.3 Handle bit-vector datatype (HO)
)
\Fld@menulength=\count295
\Field@Width=\dimen194
\Fld@charsize=\dimen195
Package hyperref Info: Hyper figures OFF on input line 6430.
Package hyperref Info: Link nesting OFF on input line 6435.
Package hyperref Info: Hyper index ON on input line 6438.
Package hyperref Info: backreferencing ON on input line 6443.
Package hyperref Info: Link coloring OFF on input line 6450.
Package hyperref Info: Link coloring with OCG OFF on input line 6455.
Package hyperref Info: PDF/A mode OFF on input line 6460.
LaTeX Info: Redefining \ref on input line 6500.
LaTeX Info: Redefining \pageref on input line 6504.
 (c:/texlive/2019/texmf-dist/tex/generic/atbegshi/atbegshi.sty
Package: atbegshi 2019/12/05 v1.19 At begin shipout hook (HO)
)
\Hy@abspage=\count296
\c@Item=\count297
\c@Hfootnote=\count298
)
Package hyperref Info: Driver: hpdftex.
 (c:/texlive/2019/texmf-dist/tex/latex/hyperref/hpdftex.def
File: hpdftex.def 2020/01/14 v7.00d Hyperref driver for pdfTeX
\Fld@listcount=\count299
\c@bookmark@seq@number=\count300
\Hy@SectionHShift=\skip127
)
Package hyperref Info: Option `colorlinks' set `true' on input line 134.
Package hyperref Info: Option `unicode' set `true' on input line 134.
 (c:/texlive/2019/texmf-dist/tex/latex/hyperref/puenc.def
File: puenc.def 2020/01/14 v7.00d Hyperref: PDF Unicode definition (HO)
Now handling font encoding PU ...
... no UTF-8 mapping file for font encoding PU
) (c:/texlive/2019/texmf-dist/tex/latex/caption/caption.sty
Package: caption 2020/01/03 v3.4h Customizing captions (AR)
 (c:/texlive/2019/texmf-dist/tex/latex/caption/caption3.sty
Package: caption3 2020/01/03 v1.8h caption3 kernel (AR)
Package caption3 Info: TeX engine: e-TeX on input line 61.
\captionmargin=\dimen196
\captionmargin@=\dimen197
\captionwidth=\dimen198
\caption@tempdima=\dimen199
\caption@indent=\dimen256
\caption@parindent=\dimen257
\caption@hangindent=\dimen258
Package caption Info: Standard document class detected.
)
\c@caption@flags=\count301
\c@continuedfloat=\count302
Package caption Info: float package is loaded.
Package caption Info: hyperref package is loaded.
Package caption Info: longtable package is loaded.
 (c:/texlive/2019/texmf-dist/tex/latex/caption/ltcaption.sty
Package: ltcaption 2018/08/26 v1.4a longtable captions (AR)
)) (c:/texlive/2019/texmf-dist/tex/latex/etoc/etoc.sty
Package: etoc 2019/11/17 v1.09b Completely customisable TOCs (JFB)
\Etoc@toctoks=\toks33
\c@etoc@tocid=\count303
\c@etoc@tocdepth=\count304
\etoc@framed@titlebox=\box113
\etoc@framed@contentsbox=\box114
) (c:/texlive/2019/texmf-dist/tex/latex/l3backend/l3backend-pdfmode.def
File: l3backend-pdfmode.def 2020-02-03 L3 backend support: PDF mode
\l__kernel_color_stack_int=\count305
\l__pdf_internal_box=\box115
) (c:/Users/siyan/Documents/QtProjects/FinalProject/tower-defense-7/doc/latex/refman.aux)
\openout1 = `refman.aux'.

LaTeX Font Info:    Checking defaults for OML/cmm/m/it on input line 150.
LaTeX Font Info:    ... okay on input line 150.
LaTeX Font Info:    Checking defaults for OMS/cmsy/m/n on input line 150.
LaTeX Font Info:    ... okay on input line 150.
LaTeX Font Info:    Checking defaults for OT1/cmr/m/n on input line 150.
LaTeX Font Info:    ... okay on input line 150.
LaTeX Font Info:    Checking defaults for T1/cmr/m/n on input line 150.
LaTeX Font Info:    ... okay on input line 150.
LaTeX Font Info:    Checking defaults for TS1/cmr/m/n on input line 150.
LaTeX Font Info:    ... okay on input line 150.
LaTeX Font Info:    Checking defaults for OMX/cmex/m/n on input line 150.
LaTeX Font Info:    ... okay on input line 150.
LaTeX Font Info:    Checking defaults for U/cmr/m/n on input line 150.
LaTeX Font Info:    ... okay on input line 150.
LaTeX Font Info:    Checking defaults for PD1/pdf/m/n on input line 150.
LaTeX Font Info:    ... okay on input line 150.
LaTeX Font Info:    Checking defaults for PU/pdf/m/n on input line 150.
LaTeX Font Info:    ... okay on input line 150.
LaTeX Font Info:    Trying to load font information for T1+phv on input line 150.
 (c:/texlive/2019/texmf-dist/tex/latex/psnfss/t1phv.fd
File: t1phv.fd 2001/06/04 scalable font definitions for T1/phv.
)
LaTeX Font Info:    Font shape `T1/phv/m/n' will be
(Font)              scaled to size 8.99994pt on input line 150.
 (c:/texlive/2019/texmf-dist/tex/context/base/mkii/supp-pdf.mkii
[Loading MPS to PDF converter (version 2006.09.02).]
\scratchcounter=\count306
\scratchdimen=\dimen259
\scratchbox=\box116
\nofMPsegments=\count307
\nofMParguments=\count308
\everyMPshowfont=\toks34
\MPscratchCnt=\count309
\MPscratchDim=\dimen260
\MPnumerator=\count310
\makeMPintoPDFobject=\count311
\everyMPtoPDFconversion=\toks35
) (c:/texlive/2019/texmf-dist/tex/latex/epstopdf-pkg/epstopdf-base.sty
Package: epstopdf-base 2020-01-24 v2.11 Base part for package epstopdf
Package epstopdf-base Info: Redefining graphics rule for `.eps' on input line 485.
 (c:/texlive/2019/texmf-dist/tex/latex/latexconfig/epstopdf-sys.cfg
File: epstopdf-sys.cfg 2010/07/13 v1.3 Configuration of (r)epstopdf for TeX Live
))
*geometry* driver: auto-detecting
*geometry* detected driver: pdftex
*geometry* verbose mode - [ preamble ] result:
* driver: pdftex
* paper: a4paper
* layout: <same size as paper>
* layoutoffset:(h,v)=(0.0pt,0.0pt)
* modes: twoside 
* h-part:(L,W,R)=(71.13188pt, 455.24411pt, 71.13188pt)
* v-part:(T,H,B)=(71.13188pt, 702.78308pt, 71.13188pt)
* \paperwidth=597.50787pt
* \paperheight=845.04684pt
* \textwidth=455.24411pt
* \textheight=702.78308pt
* \oddsidemargin=-1.1381pt
* \evensidemargin=-1.1381pt
* \topmargin=-31.2056pt
* \headheight=12.0pt
* \headsep=18.06749pt
* \topskip=10.0pt
* \footskip=25.29494pt
* \marginparwidth=125.0pt
* \marginparsep=7.0pt
* \columnsep=10.0pt
* \skip\footins=9.0pt plus 4.0pt minus 2.0pt
* \hoffset=0.0pt
* \voffset=0.0pt
* \mag=1000
* \@twocolumnfalse
* \@twosidetrue
* \@mparswitchtrue
* \@reversemarginfalse
* (1in=72.27pt=25.4mm, 1cm=28.453pt)

Package backref Info: ** backref set up for natbib ** on input line 150.
\AtBeginShipoutBox=\box117
Package hyperref Info: Link coloring ON on input line 150.
(c:/texlive/2019/texmf-dist/tex/latex/hyperref/nameref.sty
Package: nameref 2019/09/16 v2.46 Cross-referencing by name of section
 (c:/texlive/2019/texmf-dist/tex/latex/refcount/refcount.sty
Package: refcount 2019/12/15 v3.6 Data extraction from label references (HO)
) (c:/texlive/2019/texmf-dist/tex/generic/gettitlestring/gettitlestring.sty
Package: gettitlestring 2019/12/15 v1.6 Cleanup title references (HO)
)
\c@section@level=\count312
)
LaTeX Info: Redefining \ref on input line 150.
LaTeX Info: Redefining \pageref on input line 150.
LaTeX Info: Redefining \nameref on input line 150.
 (c:/Users/siyan/Documents/QtProjects/FinalProject/tower-defense-7/doc/latex/refman.out) (c:/Users/siyan/Documents/QtProjects/FinalProject/tower-defense-7/doc/latex/refman.out)
\@outlinefile=\write5
\openout5 = `refman.out'.

Package caption Info: Begin \AtBeginDocument code.
Package caption Info: End \AtBeginDocument code.
\Etoc@tf=\read4
Package hyperref Info: Option `pageanchor' set `false' on input line 158.
Package hyperref Info: Option `bookmarksnumbered' set `true' on input line 158.
Package hyperref Info: Option `unicode' set `true' on input line 158.
LaTeX Font Info:    Font shape `T1/phv/m/n' will be
(Font)              scaled to size 12.9599pt on input line 163.
LaTeX Font Info:    Font shape `T1/phv/m/n' will be
(Font)              scaled to size 10.79993pt on input line 165.
 [1


{c:/texlive/2019/texmf-var/fonts/map/pdftex/updmap/pdftex.map}] [2

]
\tf@toc=\write6
\openout6 = `refman.toc'.

LaTeX Font Info:    Font shape `T1/phv/b/n' will be
(Font)              scaled to size 8.99994pt on input line 171.
LaTeX Font Info:    Trying to load font information for U+msa on input line 171.
 (c:/texlive/2019/texmf-dist/tex/latex/amsfonts/umsa.fd
File: umsa.fd 2013/01/14 v3.01 AMS symbols A
)
LaTeX Font Info:    Trying to load font information for U+msb on input line 171.
 (c:/texlive/2019/texmf-dist/tex/latex/amsfonts/umsb.fd
File: umsb.fd 2013/01/14 v3.01 AMS symbols B
)
LaTeX Font Info:    Trying to load font information for U+wasy on input line 171.
 (c:/texlive/2019/texmf-dist/tex/latex/wasysym/uwasy.fd
File: uwasy.fd 2020/01/19 v2.4 Wasy-2 symbol font definitions
)
LaTeX Font Info:    Font shape `T1/phv/m/n' will be
(Font)              scaled to size 6.29996pt on input line 171.
LaTeX Font Info:    Font shape `T1/phv/b/n' will be
(Font)              scaled to size 6.29996pt on input line 171.
 [1]
LaTeX Font Info:    Font shape `T1/phv/m/n' will be
(Font)              scaled to size 7.19995pt on input line 171.
LaTeX Font Info:    Trying to load font information for T1+pcr on input line 171.
 (c:/texlive/2019/texmf-dist/tex/latex/psnfss/t1pcr.fd
File: t1pcr.fd 2001/06/04 font definitions for T1/pcr.
) [2] [3] [4] [5] [6] [7] [8]
Package hyperref Info: Option `pageanchor' set `true' on input line 174.

Chapter 1.
LaTeX Font Info:    Font shape `T1/phv/m/n' will be
(Font)              scaled to size 18.66588pt on input line 176.
LaTeX Font Info:    Font shape `T1/phv/b/n' will be
(Font)              scaled to size 18.66588pt on input line 176.
LaTeX Font Info:    Font shape `T1/phv/bc/n' will be
(Font)              scaled to size 18.66588pt on input line 176.
LaTeX Font Info:    Font shape `T1/phv/m/n' will be
(Font)              scaled to size 22.39185pt on input line 176.
LaTeX Font Info:    Font shape `T1/phv/b/n' will be
(Font)              scaled to size 22.39185pt on input line 176.
LaTeX Font Info:    Font shape `T1/phv/bc/n' will be
(Font)              scaled to size 22.39185pt on input line 176.
(c:/Users/siyan/Documents/QtProjects/FinalProject/tower-defense-7/doc/latex/md_src_readme.tex) [1


] [2

]
Chapter 2.
(c:/Users/siyan/Documents/QtProjects/FinalProject/tower-defense-7/doc/latex/namespaces.tex
LaTeX Font Info:    Font shape `T1/phv/b/n' will be
(Font)              scaled to size 12.9599pt on input line 1.
) [3] [4

]
Chapter 3.
(c:/Users/siyan/Documents/QtProjects/FinalProject/tower-defense-7/doc/latex/hierarchy.tex) [5] [6

]
Chapter 4.
(c:/Users/siyan/Documents/QtProjects/FinalProject/tower-defense-7/doc/latex/annotated.tex) [7] [8

]
Chapter 5.
(c:/Users/siyan/Documents/QtProjects/FinalProject/tower-defense-7/doc/latex/files.tex) [9] [10

]
Chapter 6.
(c:/Users/siyan/Documents/QtProjects/FinalProject/tower-defense-7/doc/latex/namespace_ui.tex) [11] [12

]
Chapter 7.
(c:/Users/siyan/Documents/QtProjects/FinalProject/tower-defense-7/doc/latex/class_adult__cockroach.tex <c:/Users/siyan/Documents/QtProjects/FinalProject/tower-defense-7/doc/latex/class_adult__cockroach.pdf>
<class_adult__cockroach.pdf, id=1760, 501.875pt x 210.5767pt>
File: class_adult__cockroach.pdf Graphic file (type pdf)
<use class_adult__cockroach.pdf>
Package pdftex.def Info: class_adult__cockroach.pdf  used on input line 10.
(pdftex.def)             Requested size: 203.44205pt x 85.35826pt.
LaTeX Font Info:    Font shape `T1/phv/b/n' will be
(Font)              scaled to size 10.79993pt on input line 13.
LaTeX Font Info:    Trying to load font information for TS1+phv on input line 16.
 (c:/texlive/2019/texmf-dist/tex/latex/psnfss/ts1phv.fd
File: ts1phv.fd 2001/06/04 scalable font definitions for TS1/phv.
)
LaTeX Font Info:    Font shape `TS1/phv/m/n' will be
(Font)              scaled to size 8.99994pt on input line 16.

Underfull \hbox (badness 1348) in paragraph at lines 16--17
[][] \T1/phv/m/n/10 (int health, int speed, int value, QList$\OML/cmm/m/it/10 <$ \T1/phv/m/n/10 QPointF $\OML/cmm/m/it/10 >$\T1/phv/m/n/10 points[]To[]Follow, QGraphics[]Item
 []

LaTeX Font Info:    Font shape `T1/phv/m/n' will be
(Font)              scaled to size 8.09995pt on input line 17.
LaTeX Font Info:    Font shape `T1/phv/m/it' in size <9> not available
(Font)              Font shape `T1/phv/m/sl' tried instead on input line 17.
LaTeX Font Info:    Font shape `T1/phv/m/sl' will be
(Font)              scaled to size 8.09995pt on input line 17.
LaTeX Font Info:    Font shape `T1/phv/m/it' in size <7> not available
(Font)              Font shape `T1/phv/m/sl' tried instead on input line 17.
LaTeX Font Info:    Font shape `T1/phv/m/sl' will be
(Font)              scaled to size 6.29996pt on input line 17.
LaTeX Font Info:    Font shape `T1/pcr/m/it' in size <8> not available
(Font)              Font shape `T1/pcr/m/sl' tried instead on input line 26.
LaTeX Font Info:    Font shape `T1/pcr/m/it' in size <7> not available
(Font)              Font shape `T1/pcr/m/sl' tried instead on input line 26.
[13]) (c:/Users/siyan/Documents/QtProjects/FinalProject/tower-defense-7/doc/latex/class_basic_tower.tex <c:/Users/siyan/Documents/QtProjects/FinalProject/tower-defense-7/doc/latex/class_basic_tower.pdf>
<class_basic_tower.pdf, id=1791, 501.875pt x 210.5767pt>
File: class_basic_tower.pdf Graphic file (type pdf)
<use class_basic_tower.pdf>
Package pdftex.def Info: class_basic_tower.pdf  used on input line 10.
(pdftex.def)             Requested size: 203.44205pt x 85.35826pt.
 [14]) (c:/Users/siyan/Documents/QtProjects/FinalProject/tower-defense-7/doc/latex/class_build_basic_tower_icon.tex <c:/Users/siyan/Documents/QtProjects/FinalProject/tower-defense-7/doc/latex/class_build_basic_tower_icon.pdf>
<class_build_basic_tower_icon.pdf, id=1819, 501.875pt x 280.76895pt>
File: class_build_basic_tower_icon.pdf Graphic file (type pdf)
<use class_build_basic_tower_icon.pdf>
Package pdftex.def Info: class_build_basic_tower_icon.pdf  used on input line 10.
(pdftex.def)             Requested size: 101.71336pt x 56.9055pt.
 [15]
Underfull \hbox (badness 10000) detected at line 56
[][][]
 []

) (c:/Users/siyan/Documents/QtProjects/FinalProject/tower-defense-7/doc/latex/class_build_machine_gun_tower_icon.tex <c:/Users/siyan/Documents/QtProjects/FinalProject/tower-defense-7/doc/latex/class_build_machine_gun_tower_icon.pdf>
<class_build_machine_gun_tower_icon.pdf, id=1841, 501.875pt x 224.29799pt>
File: class_build_machine_gun_tower_icon.pdf Graphic file (type pdf)
<use class_build_machine_gun_tower_icon.pdf>
Package pdftex.def Info: class_build_machine_gun_tower_icon.pdf  used on input line 10.
(pdftex.def)             Requested size: 127.32167pt x 56.9055pt.
 [16]
Underfull \hbox (badness 10000) detected at line 56
[][][]
 []

) (c:/Users/siyan/Documents/QtProjects/FinalProject/tower-defense-7/doc/latex/class_build_shotgun_tower_icon.tex <c:/Users/siyan/Documents/QtProjects/FinalProject/tower-defense-7/doc/latex/class_build_shotgun_tower_icon.pdf>
<class_build_shotgun_tower_icon.pdf, id=1863, 501.875pt x 262.4204pt>
File: class_build_shotgun_tower_icon.pdf Graphic file (type pdf)
<use class_build_shotgun_tower_icon.pdf>
Package pdftex.def Info: class_build_shotgun_tower_icon.pdf  used on input line 10.
(pdftex.def)             Requested size: 108.82764pt x 56.9055pt.
 [17] [18]
Underfull \hbox (badness 10000) detected at line 56
[][][]
 []

) (c:/Users/siyan/Documents/QtProjects/FinalProject/tower-defense-7/doc/latex/class_bullet.tex <c:/Users/siyan/Documents/QtProjects/FinalProject/tower-defense-7/doc/latex/class_bullet.pdf>
<class_bullet.pdf, id=1892, 501.875pt x 210.5767pt>
File: class_bullet.pdf Graphic file (type pdf)
<use class_bullet.pdf>
Package pdftex.def Info: class_bullet.pdf  used on input line 10.
(pdftex.def)             Requested size: 203.44205pt x 85.35826pt.
 [19]
Underfull \hbox (badness 10000) detected at line 61
[][][]
 []


Underfull \hbox (badness 10000) detected at line 74
[][][]
 []


Underfull \hbox (badness 10000) detected at line 93
[][][]
 []

[20]) (c:/Users/siyan/Documents/QtProjects/FinalProject/tower-defense-7/doc/latex/class_child__cockroach.tex <c:/Users/siyan/Documents/QtProjects/FinalProject/tower-defense-7/doc/latex/class_child__cockroach.pdf>
<class_child__cockroach.pdf, id=1931, 501.875pt x 210.5767pt>
File: class_child__cockroach.pdf Graphic file (type pdf)
<use class_child__cockroach.pdf>
Package pdftex.def Info: class_child__cockroach.pdf  used on input line 10.
(pdftex.def)             Requested size: 203.44205pt x 85.35826pt.
 [21]) (c:/Users/siyan/Documents/QtProjects/FinalProject/tower-defense-7/doc/latex/class_cockroach.tex <c:/Users/siyan/Documents/QtProjects/FinalProject/tower-defense-7/doc/latex/class_cockroach.pdf>
<class_cockroach.pdf, id=1957, 501.875pt x 140.38448pt>
File: class_cockroach.pdf Graphic file (type pdf)
<use class_cockroach.pdf>
Package pdftex.def Info: class_cockroach.pdf  used on input line 10.
(pdftex.def)             Requested size: 305.15541pt x 85.35826pt.
 [22] [23]
LaTeX Font Info:    Font shape `T1/phv/b/n' will be
(Font)              scaled to size 7.19995pt on input line 95.
 [24]
Underfull \hbox (badness 10000) detected at line 151
[][][]
 []


Overfull \vbox (1.65167pt too high) has occurred while \output is active []

 [25]
Underfull \hbox (badness 10000) detected at line 175
[][][]
 []


Underfull \hbox (badness 10000) detected at line 193
[][][]
 []


Underfull \hbox (badness 10000) detected at line 217
[][][]
 []

[26]
Underfull \hbox (badness 10000) detected at line 235
[][][]
 []


Underfull \hbox (badness 10000) detected at line 263
[][][]
 []

[27]
Underfull \hbox (badness 10000) detected at line 283
[][][]
 []


Underfull \hbox (badness 10000) detected at line 307
[][][]
 []


Underfull \hbox (badness 10000) detected at line 325
[][][]
 []

[28]
Underfull \hbox (badness 10000) detected at line 343
[][][]
 []


Underfull \hbox (badness 10000) detected at line 361
[][][]
 []


Underfull \hbox (badness 10000) detected at line 379
[][][]
 []

[29] [30]) (c:/Users/siyan/Documents/QtProjects/FinalProject/tower-defense-7/doc/latex/class_game.tex <c:/Users/siyan/Documents/QtProjects/FinalProject/tower-defense-7/doc/latex/class_game.pdf>
<class_game.pdf, id=2109, 501.875pt x 184.1781pt>
File: class_game.pdf Graphic file (type pdf)
<use class_game.pdf>
Package pdftex.def Info: class_game.pdf  used on input line 10.
(pdftex.def)             Requested size: 155.05888pt x 56.9055pt.
 [31] [32] [33]
Underfull \hbox (badness 10000) detected at line 173
[][][]
 []

[34]
Underfull \hbox (badness 10000) detected at line 191
[][][]
 []


Underfull \hbox (badness 10000) detected at line 215
[][][]
 []

[35]
Underfull \hbox (badness 10000) detected at line 239
[][][]
 []


Underfull \hbox (badness 10000) detected at line 257
[][][]
 []


Underfull \hbox (badness 10000) detected at line 285
[][][]
 []

[36]
Underfull \hbox (badness 10000) detected at line 303
[][][]
 []


Underfull \hbox (badness 10000) detected at line 321
[][][]
 []


Underfull \hbox (badness 10000) detected at line 339
[][][]
 []

[37]
Underfull \hbox (badness 10000) detected at line 363
[][][]
 []


Underfull \hbox (badness 10000) detected at line 381
[][][]
 []

[38]
Underfull \hbox (badness 10000) detected at line 409
[][][]
 []

[39] [40] [41]) (c:/Users/siyan/Documents/QtProjects/FinalProject/tower-defense-7/doc/latex/class_item_not_placeble_tile.tex <c:/Users/siyan/Documents/QtProjects/FinalProject/tower-defense-7/doc/latex/class_item_not_placeble_tile.pdf>
<class_item_not_placeble_tile.pdf, id=2291, 501.875pt x 140.38448pt>
File: class_item_not_placeble_tile.pdf Graphic file (type pdf)
<use class_item_not_placeble_tile.pdf>
Package pdftex.def Info: class_item_not_placeble_tile.pdf  used on input line 10.
(pdftex.def)             Requested size: 203.43439pt x 56.9055pt.
 [42]) (c:/Users/siyan/Documents/QtProjects/FinalProject/tower-defense-7/doc/latex/class_item_placeble_tile.tex <c:/Users/siyan/Documents/QtProjects/FinalProject/tower-defense-7/doc/latex/class_item_placeble_tile.pdf>
<class_item_placeble_tile.pdf, id=2306, 501.875pt x 140.38448pt>
File: class_item_placeble_tile.pdf Graphic file (type pdf)
<use class_item_placeble_tile.pdf>
Package pdftex.def Info: class_item_placeble_tile.pdf  used on input line 10.
(pdftex.def)             Requested size: 203.43439pt x 56.9055pt.
 [43]) (c:/Users/siyan/Documents/QtProjects/FinalProject/tower-defense-7/doc/latex/class_machine_gun_tower.tex <c:/Users/siyan/Documents/QtProjects/FinalProject/tower-defense-7/doc/latex/class_machine_gun_tower.pdf>
<class_machine_gun_tower.pdf, id=2326, 501.875pt x 210.5767pt>
File: class_machine_gun_tower.pdf Graphic file (type pdf)
<use class_machine_gun_tower.pdf>
Package pdftex.def Info: class_machine_gun_tower.pdf  used on input line 10.
(pdftex.def)             Requested size: 203.44205pt x 85.35826pt.
 [44] [45]) (c:/Users/siyan/Documents/QtProjects/FinalProject/tower-defense-7/doc/latex/class_main_window.tex <c:/Users/siyan/Documents/QtProjects/FinalProject/tower-defense-7/doc/latex/class_main_window.pdf>
<class_main_window.pdf, id=2371, 501.875pt x 393.6306pt>
File: class_main_window.pdf Graphic file (type pdf)
<use class_main_window.pdf>
Package pdftex.def Info: class_main_window.pdf  used on input line 10.
(pdftex.def)             Requested size: 72.55176pt x 56.9055pt.
 [46]) (c:/Users/siyan/Documents/QtProjects/FinalProject/tower-defense-7/doc/latex/class_mother__cockroach.tex <c:/Users/siyan/Documents/QtProjects/FinalProject/tower-defense-7/doc/latex/class_mother__cockroach.pdf>
<class_mother__cockroach.pdf, id=2393, 501.875pt x 210.5767pt>
File: class_mother__cockroach.pdf Graphic file (type pdf)
<use class_mother__cockroach.pdf>
Package pdftex.def Info: class_mother__cockroach.pdf  used on input line 10.
(pdftex.def)             Requested size: 203.44205pt x 85.35826pt.
 [47]) (c:/Users/siyan/Documents/QtProjects/FinalProject/tower-defense-7/doc/latex/class_pellet.tex <c:/Users/siyan/Documents/QtProjects/FinalProject/tower-defense-7/doc/latex/class_pellet.pdf>
<class_pellet.pdf, id=2412, 501.875pt x 210.5767pt>
File: class_pellet.pdf Graphic file (type pdf)
<use class_pellet.pdf>
Package pdftex.def Info: class_pellet.pdf  used on input line 10.
(pdftex.def)             Requested size: 203.44205pt x 85.35826pt.
 [48]) (c:/Users/siyan/Documents/QtProjects/FinalProject/tower-defense-7/doc/latex/class_shotgun_tower.tex <c:/Users/siyan/Documents/QtProjects/FinalProject/tower-defense-7/doc/latex/class_shotgun_tower.pdf>
<class_shotgun_tower.pdf, id=2432, 501.875pt x 210.5767pt>
File: class_shotgun_tower.pdf Graphic file (type pdf)
<use class_shotgun_tower.pdf>
Package pdftex.def Info: class_shotgun_tower.pdf  used on input line 10.
(pdftex.def)             Requested size: 203.44205pt x 85.35826pt.
 [49]) (c:/Users/siyan/Documents/QtProjects/FinalProject/tower-defense-7/doc/latex/class_tower.tex <c:/Users/siyan/Documents/QtProjects/FinalProject/tower-defense-7/doc/latex/class_tower.pdf>
<class_tower.pdf, id=2464, 501.875pt x 140.38448pt>
File: class_tower.pdf Graphic file (type pdf)
<use class_tower.pdf>
Package pdftex.def Info: class_tower.pdf  used on input line 10.
(pdftex.def)             Requested size: 305.15541pt x 85.35826pt.
 [50] [51] [52]
Underfull \hbox (badness 10000) detected at line 113
[][][]
 []


Underfull \hbox (badness 10000) detected at line 140
[][][]
 []


Underfull \hbox (badness 10000) detected at line 153
[][][]
 []

[53] [54]) (c:/Users/siyan/Documents/QtProjects/FinalProject/tower-defense-7/doc/latex/class_wallet.tex <c:/Users/siyan/Documents/QtProjects/FinalProject/tower-defense-7/doc/latex/class_wallet.pdf>
<class_wallet.pdf, id=2540, 501.875pt x 743.51776pt>
File: class_wallet.pdf Graphic file (type pdf)
<use class_wallet.pdf>
Package pdftex.def Info: class_wallet.pdf  used on input line 10.
(pdftex.def)             Requested size: 38.40479pt x 56.9055pt.
 [55]
Underfull \hbox (badness 10000) detected at line 77
[][][]
 []

[56]
Underfull \hbox (badness 10000) detected at line 95
[][][]
 []


Underfull \hbox (badness 10000) detected at line 113
[][][]
 []

) [57] [58

]
Chapter 8.
(c:/Users/siyan/Documents/QtProjects/FinalProject/tower-defense-7/doc/latex/adult__cockroach_8cpp.tex
Underfull \hbox (badness 10000) in paragraph at lines 3--12

 []

) (c:/Users/siyan/Documents/QtProjects/FinalProject/tower-defense-7/doc/latex/basic__tower_8cpp.tex
Underfull \hbox (badness 10000) in paragraph at lines 3--7

 []

[59]) (c:/Users/siyan/Documents/QtProjects/FinalProject/tower-defense-7/doc/latex/build__basic__tower__icon_8cpp.tex
Underfull \hbox (badness 10000) in paragraph at lines 3--6

 []

) (c:/Users/siyan/Documents/QtProjects/FinalProject/tower-defense-7/doc/latex/build__machine__gun__tower__icon_8cpp.tex
Underfull \hbox (badness 10000) in paragraph at lines 3--6

 []

) (c:/Users/siyan/Documents/QtProjects/FinalProject/tower-defense-7/doc/latex/build__shotgun__tower__icon_8cpp.tex
Underfull \hbox (badness 10000) in paragraph at lines 3--6

 []

[60]) (c:/Users/siyan/Documents/QtProjects/FinalProject/tower-defense-7/doc/latex/bullet_8cpp.tex
Underfull \hbox (badness 10000) in paragraph at lines 3--10

 []

[61]
Underfull \hbox (badness 10000) detected at line 35
[][][]
 []

) (c:/Users/siyan/Documents/QtProjects/FinalProject/tower-defense-7/doc/latex/child__cockroach_8cpp.tex
Underfull \hbox (badness 10000) in paragraph at lines 3--12

 []


Underfull \hbox (badness 10000) detected at line 37
[][][]
 []

) (c:/Users/siyan/Documents/QtProjects/FinalProject/tower-defense-7/doc/latex/cockroach_8cpp.tex
Underfull \hbox (badness 10000) in paragraph at lines 3--16

 []

[62]
Underfull \hbox (badness 10000) detected at line 49
[][][]
 []

) (c:/Users/siyan/Documents/QtProjects/FinalProject/tower-defense-7/doc/latex/game_8cpp.tex) (c:/Users/siyan/Documents/QtProjects/FinalProject/tower-defense-7/doc/latex/adult__cockroach_8h.tex [63]
Underfull \hbox (badness 10000) in paragraph at lines 3--4

 []

) (c:/Users/siyan/Documents/QtProjects/FinalProject/tower-defense-7/doc/latex/adult__cockroach_8h_source.tex) (c:/Users/siyan/Documents/QtProjects/FinalProject/tower-defense-7/doc/latex/basic__tower_8h.tex
Underfull \hbox (badness 10000) in paragraph at lines 3--5

 []

) (c:/Users/siyan/Documents/QtProjects/FinalProject/tower-defense-7/doc/latex/basic__tower_8h_source.tex [64]) (c:/Users/siyan/Documents/QtProjects/FinalProject/tower-defense-7/doc/latex/build__basic__tower__icon_8hpp.tex
Underfull \hbox (badness 10000) in paragraph at lines 3--5

 []

) (c:/Users/siyan/Documents/QtProjects/FinalProject/tower-defense-7/doc/latex/build__basic__tower__icon_8hpp_source.tex) (c:/Users/siyan/Documents/QtProjects/FinalProject/tower-defense-7/doc/latex/build__machine__gun__tower__icon_8hpp.tex
Underfull \hbox (badness 10000) in paragraph at lines 3--5

 []

[65]) (c:/Users/siyan/Documents/QtProjects/FinalProject/tower-defense-7/doc/latex/build__machine__gun__tower__icon_8hpp_source.tex) (c:/Users/siyan/Documents/QtProjects/FinalProject/tower-defense-7/doc/latex/build__shotgun__tower__icon_8hpp.tex
Underfull \hbox (badness 10000) in paragraph at lines 3--5

 []

) (c:/Users/siyan/Documents/QtProjects/FinalProject/tower-defense-7/doc/latex/build__shotgun__tower__icon_8hpp_source.tex) (c:/Users/siyan/Documents/QtProjects/FinalProject/tower-defense-7/doc/latex/bullet_8h.tex
Underfull \hbox (badness 10000) in paragraph at lines 3--7

 []

) (c:/Users/siyan/Documents/QtProjects/FinalProject/tower-defense-7/doc/latex/bullet_8h_source.tex [66]) (c:/Users/siyan/Documents/QtProjects/FinalProject/tower-defense-7/doc/latex/child__cockroach_8h.tex
Underfull \hbox (badness 10000) in paragraph at lines 3--4

 []

) (c:/Users/siyan/Documents/QtProjects/FinalProject/tower-defense-7/doc/latex/child__cockroach_8h_source.tex) (c:/Users/siyan/Documents/QtProjects/FinalProject/tower-defense-7/doc/latex/cockroach_8h.tex
Underfull \hbox (badness 10000) in paragraph at lines 3--9

 []

[67]) (c:/Users/siyan/Documents/QtProjects/FinalProject/tower-defense-7/doc/latex/cockroach_8h_source.tex) (c:/Users/siyan/Documents/QtProjects/FinalProject/tower-defense-7/doc/latex/game_8hpp.tex
Underfull \hbox (badness 10000) in paragraph at lines 3--19

 []

[68] [69]) (c:/Users/siyan/Documents/QtProjects/FinalProject/tower-defense-7/doc/latex/game_8hpp_source.tex [70] [71]) (c:/Users/siyan/Documents/QtProjects/FinalProject/tower-defense-7/doc/latex/item__not__placeble__tile_8h.tex
Underfull \hbox (badness 10000) in paragraph at lines 3--4

 []

) (c:/Users/siyan/Documents/QtProjects/FinalProject/tower-defense-7/doc/latex/item__not__placeble__tile_8h_source.tex [72]) (c:/Users/siyan/Documents/QtProjects/FinalProject/tower-defense-7/doc/latex/item__placeble__tile_8h.tex
Underfull \hbox (badness 10000) in paragraph at lines 3--4

 []

) (c:/Users/siyan/Documents/QtProjects/FinalProject/tower-defense-7/doc/latex/item__placeble__tile_8h_source.tex) (c:/Users/siyan/Documents/QtProjects/FinalProject/tower-defense-7/doc/latex/machine__gun__tower_8h.tex
Underfull \hbox (badness 10000) in paragraph at lines 3--4

 []

) (c:/Users/siyan/Documents/QtProjects/FinalProject/tower-defense-7/doc/latex/machine__gun__tower_8h_source.tex [73]) (c:/Users/siyan/Documents/QtProjects/FinalProject/tower-defense-7/doc/latex/mainwindow_8h.tex
Underfull \hbox (badness 10000) in paragraph at lines 3--5

 []

) (c:/Users/siyan/Documents/QtProjects/FinalProject/tower-defense-7/doc/latex/mainwindow_8h_source.tex) (c:/Users/siyan/Documents/QtProjects/FinalProject/tower-defense-7/doc/latex/mother__cockroach_8h.tex
Underfull \hbox (badness 10000) in paragraph at lines 3--4

 []

[74]) (c:/Users/siyan/Documents/QtProjects/FinalProject/tower-defense-7/doc/latex/mother__cockroach_8h_source.tex) (c:/Users/siyan/Documents/QtProjects/FinalProject/tower-defense-7/doc/latex/pellet_8h.tex
Underfull \hbox (badness 10000) in paragraph at lines 3--4

 []

) (c:/Users/siyan/Documents/QtProjects/FinalProject/tower-defense-7/doc/latex/pellet_8h_source.tex) (c:/Users/siyan/Documents/QtProjects/FinalProject/tower-defense-7/doc/latex/shotgun__tower_8h.tex
Underfull \hbox (badness 10000) in paragraph at lines 3--4

 []

[75]) (c:/Users/siyan/Documents/QtProjects/FinalProject/tower-defense-7/doc/latex/shotgun__tower_8h_source.tex) (c:/Users/siyan/Documents/QtProjects/FinalProject/tower-defense-7/doc/latex/tower_8h.tex
Underfull \hbox (badness 10000) in paragraph at lines 3--9

 []

) (c:/Users/siyan/Documents/QtProjects/FinalProject/tower-defense-7/doc/latex/tower_8h_source.tex [76]) (c:/Users/siyan/Documents/QtProjects/FinalProject/tower-defense-7/doc/latex/wallet_8hpp.tex
Underfull \hbox (badness 10000) in paragraph at lines 3--4

 []

) (c:/Users/siyan/Documents/QtProjects/FinalProject/tower-defense-7/doc/latex/wallet_8hpp_source.tex) (c:/Users/siyan/Documents/QtProjects/FinalProject/tower-defense-7/doc/latex/item__not__placeble__tile_8cpp.tex) (c:/Users/siyan/Documents/QtProjects/FinalProject/tower-defense-7/doc/latex/item__placeble__tile_8cpp.tex) (c:/Users/siyan/Documents/QtProjects/FinalProject/tower-defense-7/doc/latex/machine__gun__tower_8cpp.tex [77]
Underfull \hbox (badness 10000) in paragraph at lines 3--8

 []


Underfull \hbox (badness 10000) detected at line 33
[][][]
 []

) (c:/Users/siyan/Documents/QtProjects/FinalProject/tower-defense-7/doc/latex/main_8cpp.tex
Underfull \hbox (badness 10000) in paragraph at lines 3--6

 []

[78]) (c:/Users/siyan/Documents/QtProjects/FinalProject/tower-defense-7/doc/latex/mainwindow_8cpp.tex
Underfull \hbox (badness 10000) in paragraph at lines 3--7

 []

[79]
Underfull \hbox (badness 10000) detected at line 32
[][][]
 []

) (c:/Users/siyan/Documents/QtProjects/FinalProject/tower-defense-7/doc/latex/mother__cockroach_8cpp.tex
Underfull \hbox (badness 10000) in paragraph at lines 3--15

 []


Underfull \hbox (badness 10000) detected at line 40
[][][]
 []

) (c:/Users/siyan/Documents/QtProjects/FinalProject/tower-defense-7/doc/latex/pellet_8cpp.tex) (c:/Users/siyan/Documents/QtProjects/FinalProject/tower-defense-7/doc/latex/readme_8md.tex) (c:/Users/siyan/Documents/QtProjects/FinalProject/tower-defense-7/doc/latex/shotgun__tower_8cpp.tex
Underfull \hbox (badness 10000) in paragraph at lines 3--11

 []

[80]
Underfull \hbox (badness 10000) detected at line 36
[][][]
 []

) (c:/Users/siyan/Documents/QtProjects/FinalProject/tower-defense-7/doc/latex/tower_8cpp.tex
Underfull \hbox (badness 10000) in paragraph at lines 3--16

 []

[81]
Underfull \hbox (badness 10000) detected at line 41
[][][]
 []

) (c:/Users/siyan/Documents/QtProjects/FinalProject/tower-defense-7/doc/latex/wallet_8cpp.tex)
Underfull \hbox (badness 10000) in paragraph at lines 3--268

 []

[82] (c:/Users/siyan/Documents/QtProjects/FinalProject/tower-defense-7/doc/latex/refman.ind [83



] [84] [85] [86] [87

])
Package atveryend Info: Empty hook `BeforeClearDocument' on input line 275.
Package atveryend Info: Empty hook `AfterLastShipout' on input line 275.
 (c:/Users/siyan/Documents/QtProjects/FinalProject/tower-defense-7/doc/latex/refman.aux)
Package atveryend Info: Executing hook `AtVeryEndDocument' on input line 275.
Package atveryend Info: Executing hook `AtEndAfterFileList' on input line 275.
Package rerunfilecheck Info: File `refman.out' has not changed.
(rerunfilecheck)             Checksum: 4B8FF3EF62C47B6A840BCDA678B855FF;60473.
 ) 
Here is how much of TeX's memory you used:
 18489 strings out of 481242
 297392 string characters out of 5921895
 608347 words of memory out of 5000000
 32502 multiletter control sequences out of 15000+600000
 592204 words of font info for 96 fonts, out of 8000000 for 9000
 1141 hyphenation exceptions out of 8191
 55i,16n,96p,970b,631s stack positions out of 5000i,500n,10000p,200000b,80000s
{c:/texlive/2019/texmf-dist/fonts/enc/dvips/base/8r.enc}<c:/texlive/2019/texmf-dist/fonts/type1/public/amsfonts/cm/cmmi10.pfb><c:/texlive/2019/texmf-dist/fonts/type1/public/amsfonts/cm/cmmi7.pfb><c:/texlive/2019/texmf-dist/fonts/type1/public/amsfonts/cm/cmmi8.pfb><c:/texlive/2019/texmf-dist/fonts/type1/public/amsfonts/cm/cmsy10.pfb><c:/texlive/2019/texmf-dist/fonts/type1/public/amsfonts/cm/cmsy7.pfb><c:/texlive/2019/texmf-dist/fonts/type1/public/amsfonts/cm/cmsy8.pfb><c:/texlive/2019/texmf-dist/fonts/type1/urw/courier/ucrb8a.pfb><c:/texlive/2019/texmf-dist/fonts/type1/urw/courier/ucrr8a.pfb><c:/texlive/2019/texmf-dist/fonts/type1/urw/courier/ucrro8a.pfb><c:/texlive/2019/texmf-dist/fonts/type1/urw/helvetic/uhvb8a.pfb><c:/texlive/2019/texmf-dist/fonts/type1/urw/helvetic/uhvb8ac.pfb><c:/texlive/2019/texmf-dist/fonts/type1/urw/helvetic/uhvr8a.pfb><c:/texlive/2019/texmf-dist/fonts/type1/urw/helvetic/uhvro8a.pfb>
Output written on c:/Users/siyan/Documents/QtProjects/FinalProject/tower-defense-7/doc/latex/refman.pdf (97 pages, 391999 bytes).
PDF statistics:
 3647 PDF objects out of 4296 (max. 8388607)
 3448 compressed objects within 35 object streams
 766 named destinations out of 1000 (max. 500000)
 2435 words of extra memory for PDF output out of 10000 (max. 10000000)

